[DEBUG] [graduation] 2020-04-18 11:12:51.131 [http-nio-8888-exec-4][] druid.sql.Statement - {conn-10001, pstmt-20000} created. select
     
     
    
    id, sno, sname, password, college, major, grade_class, school_year, score, group_num, 
    gmt_create, gmt_modified
   
    from student
     
       
    
     WHERE (  sno = ?
                
            
              
                  and password = ? )
[DEBUG] [graduation] 2020-04-18 11:12:51.139 [http-nio-8888-exec-4][] druid.sql.Statement - {conn-10001, pstmt-20000} Parameters : [8000116251, 276332]
[DEBUG] [graduation] 2020-04-18 11:12:51.139 [http-nio-8888-exec-4][] druid.sql.Statement - {conn-10001, pstmt-20000} Types : [VARCHAR, VARCHAR]
[DEBUG] [graduation] 2020-04-18 11:12:51.214 [http-nio-8888-exec-4][] druid.sql.Statement - {conn-10001, pstmt-20000} executed. 74.7856 millis. select
     
     
    
    id, sno, sname, password, college, major, grade_class, school_year, score, group_num, 
    gmt_create, gmt_modified
   
    from student
     
       
    
     WHERE (  sno = ?
                
            
              
                  and password = ? )
[DEBUG] [graduation] 2020-04-18 11:12:51.231 [http-nio-8888-exec-4][] druid.sql.Statement - {conn-10001, pstmt-20000} clearParameters. 
[DEBUG] [graduation] 2020-04-18 11:12:51.345 [http-nio-8888-exec-4][] druid.sql.Statement - {conn-10001, pstmt-20001} created. select
     
     
    
    id, pno, pname, tno, tname, sno, sname, school_year, gmt_create, gmt_modified, college
   
    from project_select_result
     
       
    
     WHERE (  sno = ? )
[DEBUG] [graduation] 2020-04-18 11:12:51.345 [http-nio-8888-exec-4][] druid.sql.Statement - {conn-10001, pstmt-20001} Parameters : [8000116251]
[DEBUG] [graduation] 2020-04-18 11:12:51.345 [http-nio-8888-exec-4][] druid.sql.Statement - {conn-10001, pstmt-20001} Types : [VARCHAR]
[DEBUG] [graduation] 2020-04-18 11:12:51.347 [http-nio-8888-exec-4][] druid.sql.Statement - {conn-10001, pstmt-20001} executed. 1.9703 millis. select
     
     
    
    id, pno, pname, tno, tname, sno, sname, school_year, gmt_create, gmt_modified, college
   
    from project_select_result
     
       
    
     WHERE (  sno = ? )
[DEBUG] [graduation] 2020-04-18 11:12:51.348 [http-nio-8888-exec-4][] druid.sql.Statement - {conn-10001, pstmt-20001} clearParameters. 
[DEBUG] [graduation] 2020-04-18 11:12:51.354 [http-nio-8888-exec-4][] druid.sql.Statement - {conn-10001, pstmt-20002} created. select
     
     
    
    id, pno, pname, file_path, type, tags, college, creator_no, creator_name, is_pass, 
    is_select, blind_trial_no, blind_trial_grade, blind_trial_comment, trial_no, trial_comment, 
    school_year, gmt_create, gmt_modified
   
    ,
     
    
    content
   
    from project_apply
     
       
    
     WHERE (  pno = ? )
[DEBUG] [graduation] 2020-04-18 11:12:51.354 [http-nio-8888-exec-4][] druid.sql.Statement - {conn-10001, pstmt-20002} Parameters : [d37d853cb5a8427da91a4ba01557f00f]
[DEBUG] [graduation] 2020-04-18 11:12:51.354 [http-nio-8888-exec-4][] druid.sql.Statement - {conn-10001, pstmt-20002} Types : [VARCHAR]
[DEBUG] [graduation] 2020-04-18 11:12:51.358 [http-nio-8888-exec-4][] druid.sql.Statement - {conn-10001, pstmt-20002} executed. 3.999 millis. select
     
     
    
    id, pno, pname, file_path, type, tags, college, creator_no, creator_name, is_pass, 
    is_select, blind_trial_no, blind_trial_grade, blind_trial_comment, trial_no, trial_comment, 
    school_year, gmt_create, gmt_modified
   
    ,
     
    
    content
   
    from project_apply
     
       
    
     WHERE (  pno = ? )
[DEBUG] [graduation] 2020-04-18 11:12:51.359 [http-nio-8888-exec-4][] druid.sql.Statement - {conn-10001, pstmt-20002} clearParameters. 
[DEBUG] [graduation] 2020-04-18 11:12:51.639 [http-nio-8888-exec-3][] druid.sql.Statement - {conn-10001, pstmt-20003} created. SELECT count(0) FROM project_apply WHERE (creator_no = ?)
[DEBUG] [graduation] 2020-04-18 11:12:51.639 [http-nio-8888-exec-3][] druid.sql.Statement - {conn-10001, pstmt-20003} Parameters : [8000116251]
[DEBUG] [graduation] 2020-04-18 11:12:51.639 [http-nio-8888-exec-3][] druid.sql.Statement - {conn-10001, pstmt-20003} Types : [VARCHAR]
[DEBUG] [graduation] 2020-04-18 11:12:51.640 [http-nio-8888-exec-3][] druid.sql.Statement - {conn-10001, pstmt-20003} executed. 1.0068 millis. SELECT count(0) FROM project_apply WHERE (creator_no = ?)
[DEBUG] [graduation] 2020-04-18 11:12:51.641 [http-nio-8888-exec-3][] druid.sql.Statement - {conn-10001, pstmt-20003} clearParameters. 
[DEBUG] [graduation] 2020-04-18 11:12:51.686 [http-nio-8888-exec-3][] druid.sql.Statement - {conn-10001, pstmt-20004} created. select
     
     
    
    id, project_apply_time, project_select_time, task_book_time, open_report_time, foreign_literature_time, 
    oral_examination_time, thesis_time, school_year, score_composition
   
    from project_plan
     
       
    
     WHERE (  school_year = ? )
[DEBUG] [graduation] 2020-04-18 11:12:51.686 [http-nio-8888-exec-3][] druid.sql.Statement - {conn-10001, pstmt-20004} Parameters : [2019-2020]
[DEBUG] [graduation] 2020-04-18 11:12:51.686 [http-nio-8888-exec-3][] druid.sql.Statement - {conn-10001, pstmt-20004} Types : [VARCHAR]
[DEBUG] [graduation] 2020-04-18 11:12:51.688 [http-nio-8888-exec-3][] druid.sql.Statement - {conn-10001, pstmt-20004} executed. 1.4094 millis. select
     
     
    
    id, project_apply_time, project_select_time, task_book_time, open_report_time, foreign_literature_time, 
    oral_examination_time, thesis_time, school_year, score_composition
   
    from project_plan
     
       
    
     WHERE (  school_year = ? )
[DEBUG] [graduation] 2020-04-18 11:12:51.688 [http-nio-8888-exec-3][] druid.sql.Statement - {conn-10001, pstmt-20004} clearParameters. 
[DEBUG] [graduation] 2020-04-18 11:16:35.666 [http-nio-8888-exec-5][] druid.sql.Statement - {conn-10001, pstmt-20000} created. select
     
     
    
    id, project_apply_time, project_select_time, task_book_time, open_report_time, foreign_literature_time, 
    oral_examination_time, thesis_time, school_year, score_composition
   
    from project_plan
     
       
    
      
   
     
     
      order by id
[DEBUG] [graduation] 2020-04-18 11:16:35.672 [http-nio-8888-exec-5][] druid.sql.Statement - {conn-10001, pstmt-20000} Parameters : []
[DEBUG] [graduation] 2020-04-18 11:16:35.672 [http-nio-8888-exec-5][] druid.sql.Statement - {conn-10001, pstmt-20000} Types : []
[DEBUG] [graduation] 2020-04-18 11:16:35.689 [http-nio-8888-exec-5][] druid.sql.Statement - {conn-10001, pstmt-20000} executed. 17.2439 millis. select
     
     
    
    id, project_apply_time, project_select_time, task_book_time, open_report_time, foreign_literature_time, 
    oral_examination_time, thesis_time, school_year, score_composition
   
    from project_plan
     
       
    
      
   
     
     
      order by id
[DEBUG] [graduation] 2020-04-18 11:16:35.703 [http-nio-8888-exec-5][] druid.sql.Statement - {conn-10001, pstmt-20000} clearParameters. 
[DEBUG] [graduation] 2020-04-18 11:16:36.819 [http-nio-8888-exec-1][] druid.sql.Statement - {conn-10001, pstmt-20000} Parameters : []
[DEBUG] [graduation] 2020-04-18 11:16:36.819 [http-nio-8888-exec-1][] druid.sql.Statement - {conn-10001, pstmt-20000} Types : []
[DEBUG] [graduation] 2020-04-18 11:16:36.821 [http-nio-8888-exec-1][] druid.sql.Statement - {conn-10001, pstmt-20000} executed. 2.5934 millis. select
     
     
    
    id, project_apply_time, project_select_time, task_book_time, open_report_time, foreign_literature_time, 
    oral_examination_time, thesis_time, school_year, score_composition
   
    from project_plan
     
       
    
      
   
     
     
      order by id
[DEBUG] [graduation] 2020-04-18 11:16:36.823 [http-nio-8888-exec-1][] druid.sql.Statement - {conn-10001, pstmt-20000} clearParameters. 
[DEBUG] [graduation] 2020-04-18 11:16:57.701 [http-nio-8888-exec-5][] druid.sql.Statement - {conn-10001, pstmt-20001} created. select
     
     
    
    id, sno, sname, password, college, major, grade_class, school_year, score, group_num, 
    gmt_create, gmt_modified
   
    from student
     
       
    
     WHERE (  sno = ?
                
            
              
                  and password = ? )
[DEBUG] [graduation] 2020-04-18 11:16:57.703 [http-nio-8888-exec-5][] druid.sql.Statement - {conn-10001, pstmt-20001} Parameters : [8000116251, 276332]
[DEBUG] [graduation] 2020-04-18 11:16:57.703 [http-nio-8888-exec-5][] druid.sql.Statement - {conn-10001, pstmt-20001} Types : [VARCHAR, VARCHAR]
[DEBUG] [graduation] 2020-04-18 11:16:57.705 [http-nio-8888-exec-5][] druid.sql.Statement - {conn-10001, pstmt-20001} executed. 2.2371 millis. select
     
     
    
    id, sno, sname, password, college, major, grade_class, school_year, score, group_num, 
    gmt_create, gmt_modified
   
    from student
     
       
    
     WHERE (  sno = ?
                
            
              
                  and password = ? )
[DEBUG] [graduation] 2020-04-18 11:16:57.707 [http-nio-8888-exec-5][] druid.sql.Statement - {conn-10001, pstmt-20001} clearParameters. 
[DEBUG] [graduation] 2020-04-18 11:16:58.105 [http-nio-8888-exec-6][] druid.sql.Statement - {conn-10001, pstmt-20002} created. SELECT count(0) FROM project_apply WHERE (creator_no = ?)
[DEBUG] [graduation] 2020-04-18 11:16:58.105 [http-nio-8888-exec-6][] druid.sql.Statement - {conn-10001, pstmt-20002} Parameters : [8000116251]
[DEBUG] [graduation] 2020-04-18 11:16:58.105 [http-nio-8888-exec-6][] druid.sql.Statement - {conn-10001, pstmt-20002} Types : [VARCHAR]
[DEBUG] [graduation] 2020-04-18 11:16:58.106 [http-nio-8888-exec-6][] druid.sql.Statement - {conn-10001, pstmt-20002} executed. 1.2011 millis. SELECT count(0) FROM project_apply WHERE (creator_no = ?)
[DEBUG] [graduation] 2020-04-18 11:16:58.107 [http-nio-8888-exec-6][] druid.sql.Statement - {conn-10001, pstmt-20002} clearParameters. 
[DEBUG] [graduation] 2020-04-18 11:16:58.153 [http-nio-8888-exec-6][] druid.sql.Statement - {conn-10001, pstmt-20003} created. select
     
     
    
    id, project_apply_time, project_select_time, task_book_time, open_report_time, foreign_literature_time, 
    oral_examination_time, thesis_time, school_year, score_composition
   
    from project_plan
     
       
    
     WHERE (  school_year = ? )
[DEBUG] [graduation] 2020-04-18 11:16:58.153 [http-nio-8888-exec-6][] druid.sql.Statement - {conn-10001, pstmt-20003} Parameters : [2019-2020]
[DEBUG] [graduation] 2020-04-18 11:16:58.153 [http-nio-8888-exec-6][] druid.sql.Statement - {conn-10001, pstmt-20003} Types : [VARCHAR]
[DEBUG] [graduation] 2020-04-18 11:16:58.154 [http-nio-8888-exec-6][] druid.sql.Statement - {conn-10001, pstmt-20003} executed. 1.4754 millis. select
     
     
    
    id, project_apply_time, project_select_time, task_book_time, open_report_time, foreign_literature_time, 
    oral_examination_time, thesis_time, school_year, score_composition
   
    from project_plan
     
       
    
     WHERE (  school_year = ? )
[DEBUG] [graduation] 2020-04-18 11:16:58.155 [http-nio-8888-exec-6][] druid.sql.Statement - {conn-10001, pstmt-20003} clearParameters. 
