[INFO ] [springboot-user] 2020-05-12 20:00:40.477 [restartedMain][] com.ncu.graduation.GraduationProjectApplication - Starting GraduationProjectApplication on DESKTOP-7IS477G with PID 4040 (F:\FinallySchool\graduation\target\classes started by grh in F:\FinallySchool\graduation)
[INFO ] [springboot-user] 2020-05-12 20:00:40.486 [restartedMain][] com.ncu.graduation.GraduationProjectApplication - No active profile set, falling back to default profiles: default
[INFO ] [springboot-user] 2020-05-12 20:00:40.733 [restartedMain][] o.s.boot.devtools.restart.ChangeableUrls - The Class-Path manifest attribute in C:\Users\grh\.m2\repository\org\openoffice\juh\4.1.2\juh-4.1.2.jar referenced one or more files that do not exist: file:/C:/Users/grh/.m2/repository/org/openoffice/juh/4.1.2/ridl.jar,file:/C:/Users/grh/.m2/repository/org/openoffice/juh/4.1.2/jurt.jar,file:/C:/Users/grh/.m2/repository/org/openoffice/lib/,file:/C:/Users/grh/.m2/repository/org/openoffice/juh/bin/
[INFO ] [springboot-user] 2020-05-12 20:00:40.733 [restartedMain][] o.s.boot.devtools.restart.ChangeableUrls - The Class-Path manifest attribute in C:\Users\grh\.m2\repository\org\openoffice\jurt\4.1.2\jurt-4.1.2.jar referenced one or more files that do not exist: file:/C:/Users/grh/.m2/repository/org/openoffice/jurt/4.1.2/ridl.jar,file:/C:/Users/grh/.m2/repository/org/openoffice/jurt/4.1.2/unoloader.jar,file:/C:/Users/grh/.m2/repository/org/openoffice/lib/,file:/C:/Users/grh/.m2/repository/org/openoffice/jurt/bin/
[INFO ] [springboot-user] 2020-05-12 20:00:40.734 [restartedMain][] o.s.b.d.env.DevToolsPropertyDefaultsPostProcessor - Devtools property defaults active! Set 'spring.devtools.add-properties' to 'false' to disable
[INFO ] [springboot-user] 2020-05-12 20:00:40.734 [restartedMain][] o.s.b.d.env.DevToolsPropertyDefaultsPostProcessor - For additional web related logging consider setting the 'logging.level.web' property to 'DEBUG'
[INFO ] [springboot-user] 2020-05-12 20:00:43.907 [restartedMain][] o.s.d.r.config.RepositoryConfigurationDelegate - Multiple Spring Data modules found, entering strict repository configuration mode!
[INFO ] [springboot-user] 2020-05-12 20:00:43.911 [restartedMain][] o.s.d.r.config.RepositoryConfigurationDelegate - Bootstrapping Spring Data Redis repositories in DEFAULT mode.
[INFO ] [springboot-user] 2020-05-12 20:00:44.044 [restartedMain][] o.s.d.r.config.RepositoryConfigurationDelegate - Finished Spring Data repository scanning in 89ms. Found 0 Redis repository interfaces.
[INFO ] [springboot-user] 2020-05-12 20:00:46.459 [restartedMain][] o.s.boot.web.embedded.tomcat.TomcatWebServer - Tomcat initialized with port(s): 8888 (http)
[INFO ] [springboot-user] 2020-05-12 20:00:46.484 [restartedMain][] org.apache.coyote.http11.Http11NioProtocol - Initializing ProtocolHandler ["http-nio-8888"]
[INFO ] [springboot-user] 2020-05-12 20:00:46.485 [restartedMain][] org.apache.catalina.core.StandardService - Starting service [Tomcat]
[INFO ] [springboot-user] 2020-05-12 20:00:46.486 [restartedMain][] org.apache.catalina.core.StandardEngine - Starting Servlet engine: [Apache Tomcat/9.0.31]
[INFO ] [springboot-user] 2020-05-12 20:00:46.685 [restartedMain][] o.a.c.core.ContainerBase.[Tomcat].[localhost].[/] - Initializing Spring embedded WebApplicationContext
[INFO ] [springboot-user] 2020-05-12 20:00:46.686 [restartedMain][] org.springframework.web.context.ContextLoader - Root WebApplicationContext: initialization completed in 5952 ms
[INFO ] [springboot-user] 2020-05-12 20:00:47.082 [restartedMain][] c.a.d.s.b.a.DruidDataSourceAutoConfigure - Init DruidDataSource
[INFO ] [springboot-user] 2020-05-12 20:00:49.424 [restartedMain][] com.alibaba.druid.pool.DruidDataSource - {dataSource-1} inited
[INFO ] [springboot-user] 2020-05-12 20:00:52.589 [restartedMain][] org.jodconverter.local.office.OfficeProcessManager - Submitting task 'Start' and waiting...
[INFO ] [springboot-user] 2020-05-12 20:00:53.048 [jodconverter-officeprocess-0][] org.jodconverter.local.office.OfficeDescriptor - soffice info (from exec path): Product: OpenOffice - Version: ??? - useLongOptionNameGnuStyle: false
[INFO ] [springboot-user] 2020-05-12 20:00:53.050 [jodconverter-officeprocess-0][] org.jodconverter.local.office.OfficeProcess - OFFICE HOME: C:\Program Files (x86)\OpenOffice 4
[INFO ] [springboot-user] 2020-05-12 20:00:53.051 [jodconverter-officeprocess-0][] org.jodconverter.local.office.OfficeProcess - Starting process with --accept 'socket,host=127.0.0.1,port=2002,tcpNoDelay=1;urp;StarOffice.ServiceManager' and profileDir 'C:\Users\grh\AppData\Local\Temp\.jodconverter_socket_host-127.0.0.1_port-2002_tcpNoDelay-1'
[INFO ] [springboot-user] 2020-05-12 20:00:53.730 [jodconverter-officeprocess-0][] org.jodconverter.local.office.OfficeProcess - Started process; pid: 5040
[INFO ] [springboot-user] 2020-05-12 20:00:58.412 [jodconverter-officeprocess-0][] org.jodconverter.local.office.OfficeConnection - Connected: 'socket,host=127.0.0.1,port=2002,tcpNoDelay=1'
[INFO ] [springboot-user] 2020-05-12 20:00:59.037 [restartedMain][] o.s.scheduling.concurrent.ThreadPoolTaskExecutor - Initializing ExecutorService 'applicationTaskExecutor'
[INFO ] [springboot-user] 2020-05-12 20:00:59.216 [restartedMain][] o.s.b.a.web.servlet.WelcomePageHandlerMapping - Adding welcome page template: index
[INFO ] [springboot-user] 2020-05-12 20:01:00.299 [restartedMain][] org.quartz.impl.StdSchedulerFactory - Using default implementation for ThreadExecutor
[INFO ] [springboot-user] 2020-05-12 20:01:00.318 [restartedMain][] org.quartz.core.SchedulerSignalerImpl - Initialized Scheduler Signaller of type: class org.quartz.core.SchedulerSignalerImpl
[INFO ] [springboot-user] 2020-05-12 20:01:00.318 [restartedMain][] org.quartz.core.QuartzScheduler - Quartz Scheduler v.2.3.2 created.
[INFO ] [springboot-user] 2020-05-12 20:01:00.320 [restartedMain][] org.quartz.simpl.RAMJobStore - RAMJobStore initialized.
[INFO ] [springboot-user] 2020-05-12 20:01:00.321 [restartedMain][] org.quartz.core.QuartzScheduler - Scheduler meta-data: Quartz Scheduler (v2.3.2) 'quartzScheduler' with instanceId 'NON_CLUSTERED'
  Scheduler class: 'org.quartz.core.QuartzScheduler' - running locally.
  NOT STARTED.
  Currently in standby mode.
  Number of jobs executed: 0
  Using thread pool 'org.quartz.simpl.SimpleThreadPool' - with 10 threads.
  Using job-store 'org.quartz.simpl.RAMJobStore' - which does not support persistence. and is not clustered.

[INFO ] [springboot-user] 2020-05-12 20:01:00.321 [restartedMain][] org.quartz.impl.StdSchedulerFactory - Quartz scheduler 'quartzScheduler' initialized from an externally provided properties instance.
[INFO ] [springboot-user] 2020-05-12 20:01:00.321 [restartedMain][] org.quartz.impl.StdSchedulerFactory - Quartz scheduler version: 2.3.2
[INFO ] [springboot-user] 2020-05-12 20:01:00.322 [restartedMain][] org.quartz.core.QuartzScheduler - JobFactory set to: org.springframework.scheduling.quartz.SpringBeanJobFactory@471ba54a
[INFO ] [springboot-user] 2020-05-12 20:01:00.343 [restartedMain][] o.s.scheduling.concurrent.ThreadPoolTaskScheduler - Initializing ExecutorService 'taskScheduler'
[INFO ] [springboot-user] 2020-05-12 20:01:01.383 [restartedMain][] o.s.b.d.autoconfigure.OptionalLiveReloadServer - LiveReload server is running on port 35729
[INFO ] [springboot-user] 2020-05-12 20:01:01.436 [restartedMain][] o.s.scheduling.quartz.SchedulerFactoryBean - Starting Quartz Scheduler now
[INFO ] [springboot-user] 2020-05-12 20:01:01.436 [restartedMain][] org.quartz.core.QuartzScheduler - Scheduler quartzScheduler_$_NON_CLUSTERED started.
[INFO ] [springboot-user] 2020-05-12 20:01:01.460 [restartedMain][] org.apache.coyote.http11.Http11NioProtocol - Starting ProtocolHandler ["http-nio-8888"]
[INFO ] [springboot-user] 2020-05-12 20:01:01.501 [restartedMain][] o.s.boot.web.embedded.tomcat.TomcatWebServer - Tomcat started on port(s): 8888 (http) with context path ''
[INFO ] [springboot-user] 2020-05-12 20:01:01.508 [restartedMain][] com.ncu.graduation.GraduationProjectApplication - Started GraduationProjectApplication in 23.332 seconds (JVM running for 33.599)
[INFO ] [springboot-user] 2020-05-12 20:01:17.593 [http-nio-8888-exec-2][] o.a.c.core.ContainerBase.[Tomcat].[localhost].[/] - Initializing Spring DispatcherServlet 'dispatcherServlet'
[INFO ] [springboot-user] 2020-05-12 20:01:17.594 [http-nio-8888-exec-2][] org.springframework.web.servlet.DispatcherServlet - Initializing Servlet 'dispatcherServlet'
[INFO ] [springboot-user] 2020-05-12 20:01:17.613 [http-nio-8888-exec-2][] org.springframework.web.servlet.DispatcherServlet - Completed initialization in 19 ms
[ERROR] [springboot-user] 2020-05-12 20:04:14.056 [http-nio-8888-exec-5][] o.a.c.c.C.[.[localhost].[/].[dispatcherServlet] - Servlet.service() for servlet [dispatcherServlet] in context with path [] threw exception [Request processing failed; nested exception is java.time.format.DateTimeParseException: Text '2020-04-26 22:59:59' could not be parsed at index 10] with root cause
java.time.format.DateTimeParseException: Text '2020-04-26 22:59:59' could not be parsed at index 10
	at java.time.format.DateTimeFormatter.parseResolved0(DateTimeFormatter.java:1949)
	at java.time.format.DateTimeFormatter.parse(DateTimeFormatter.java:1851)
	at java.time.LocalDateTime.parse(LocalDateTime.java:492)
	at java.time.LocalDateTime.parse(LocalDateTime.java:477)
	at com.ncu.graduation.aop.OverTimeInterceptor.projectInterceptor(OverTimeInterceptor.java:54)
	at sun.reflect.NativeMethodAccessorImpl.invoke0(Native Method)
	at sun.reflect.NativeMethodAccessorImpl.invoke(NativeMethodAccessorImpl.java:62)
	at sun.reflect.DelegatingMethodAccessorImpl.invoke(DelegatingMethodAccessorImpl.java:43)
	at java.lang.reflect.Method.invoke(Method.java:498)
	at org.springframework.aop.aspectj.AbstractAspectJAdvice.invokeAdviceMethodWithGivenArgs(AbstractAspectJAdvice.java:644)
	at org.springframework.aop.aspectj.AbstractAspectJAdvice.invokeAdviceMethod(AbstractAspectJAdvice.java:633)
	at org.springframework.aop.aspectj.AspectJAroundAdvice.invoke(AspectJAroundAdvice.java:70)
	at org.springframework.aop.framework.ReflectiveMethodInvocation.proceed(ReflectiveMethodInvocation.java:186)
	at org.springframework.aop.framework.CglibAopProxy$CglibMethodInvocation.proceed(CglibAopProxy.java:747)
	at org.springframework.aop.interceptor.ExposeInvocationInterceptor.invoke(ExposeInvocationInterceptor.java:95)
	at org.springframework.aop.framework.ReflectiveMethodInvocation.proceed(ReflectiveMethodInvocation.java:186)
	at org.springframework.aop.framework.CglibAopProxy$CglibMethodInvocation.proceed(CglibAopProxy.java:747)
	at org.springframework.aop.framework.CglibAopProxy$DynamicAdvisedInterceptor.intercept(CglibAopProxy.java:689)
	at com.ncu.graduation.controller.ProjectController$$EnhancerBySpringCGLIB$$878916c0.applyProject(<generated>)
	at sun.reflect.NativeMethodAccessorImpl.invoke0(Native Method)
	at sun.reflect.NativeMethodAccessorImpl.invoke(NativeMethodAccessorImpl.java:62)
	at sun.reflect.DelegatingMethodAccessorImpl.invoke(DelegatingMethodAccessorImpl.java:43)
	at java.lang.reflect.Method.invoke(Method.java:498)
	at org.springframework.web.method.support.InvocableHandlerMethod.doInvoke(InvocableHandlerMethod.java:190)
	at org.springframework.web.method.support.InvocableHandlerMethod.invokeForRequest(InvocableHandlerMethod.java:138)
	at org.springframework.web.servlet.mvc.method.annotation.ServletInvocableHandlerMethod.invokeAndHandle(ServletInvocableHandlerMethod.java:106)
	at org.springframework.web.servlet.mvc.method.annotation.RequestMappingHandlerAdapter.invokeHandlerMethod(RequestMappingHandlerAdapter.java:879)
	at org.springframework.web.servlet.mvc.method.annotation.RequestMappingHandlerAdapter.handleInternal(RequestMappingHandlerAdapter.java:793)
	at org.springframework.web.servlet.mvc.method.AbstractHandlerMethodAdapter.handle(AbstractHandlerMethodAdapter.java:87)
	at org.springframework.web.servlet.DispatcherServlet.doDispatch(DispatcherServlet.java:1040)
	at org.springframework.web.servlet.DispatcherServlet.doService(DispatcherServlet.java:943)
	at org.springframework.web.servlet.FrameworkServlet.processRequest(FrameworkServlet.java:1006)
	at org.springframework.web.servlet.FrameworkServlet.doPost(FrameworkServlet.java:909)
	at javax.servlet.http.HttpServlet.service(HttpServlet.java:660)
	at org.springframework.web.servlet.FrameworkServlet.service(FrameworkServlet.java:883)
	at javax.servlet.http.HttpServlet.service(HttpServlet.java:741)
	at org.apache.catalina.core.ApplicationFilterChain.internalDoFilter(ApplicationFilterChain.java:231)
	at org.apache.catalina.core.ApplicationFilterChain.doFilter(ApplicationFilterChain.java:166)
	at org.apache.tomcat.websocket.server.WsFilter.doFilter(WsFilter.java:53)
	at org.apache.catalina.core.ApplicationFilterChain.internalDoFilter(ApplicationFilterChain.java:193)
	at org.apache.catalina.core.ApplicationFilterChain.doFilter(ApplicationFilterChain.java:166)
	at org.springframework.web.filter.RequestContextFilter.doFilterInternal(RequestContextFilter.java:100)
	at org.springframework.web.filter.OncePerRequestFilter.doFilter(OncePerRequestFilter.java:119)
	at org.apache.catalina.core.ApplicationFilterChain.internalDoFilter(ApplicationFilterChain.java:193)
	at org.apache.catalina.core.ApplicationFilterChain.doFilter(ApplicationFilterChain.java:166)
	at org.springframework.web.filter.FormContentFilter.doFilterInternal(FormContentFilter.java:93)
	at org.springframework.web.filter.OncePerRequestFilter.doFilter(OncePerRequestFilter.java:119)
	at org.apache.catalina.core.ApplicationFilterChain.internalDoFilter(ApplicationFilterChain.java:193)
	at org.apache.catalina.core.ApplicationFilterChain.doFilter(ApplicationFilterChain.java:166)
	at org.springframework.web.filter.CharacterEncodingFilter.doFilterInternal(CharacterEncodingFilter.java:201)
	at org.springframework.web.filter.OncePerRequestFilter.doFilter(OncePerRequestFilter.java:119)
	at org.apache.catalina.core.ApplicationFilterChain.internalDoFilter(ApplicationFilterChain.java:193)
	at org.apache.catalina.core.ApplicationFilterChain.doFilter(ApplicationFilterChain.java:166)
	at org.apache.catalina.core.StandardWrapperValve.invoke(StandardWrapperValve.java:202)
	at org.apache.catalina.core.StandardContextValve.invoke(StandardContextValve.java:96)
	at org.apache.catalina.authenticator.AuthenticatorBase.invoke(AuthenticatorBase.java:541)
	at org.apache.catalina.core.StandardHostValve.invoke(StandardHostValve.java:139)
	at org.apache.catalina.valves.ErrorReportValve.invoke(ErrorReportValve.java:92)
	at org.apache.catalina.core.StandardEngineValve.invoke(StandardEngineValve.java:74)
	at org.apache.catalina.connector.CoyoteAdapter.service(CoyoteAdapter.java:343)
	at org.apache.coyote.http11.Http11Processor.service(Http11Processor.java:367)
	at org.apache.coyote.AbstractProcessorLight.process(AbstractProcessorLight.java:65)
	at org.apache.coyote.AbstractProtocol$ConnectionHandler.process(AbstractProtocol.java:868)
	at org.apache.tomcat.util.net.NioEndpoint$SocketProcessor.doRun(NioEndpoint.java:1639)
	at org.apache.tomcat.util.net.SocketProcessorBase.run(SocketProcessorBase.java:49)
	at java.util.concurrent.ThreadPoolExecutor.runWorker(ThreadPoolExecutor.java:1149)
	at java.util.concurrent.ThreadPoolExecutor$Worker.run(ThreadPoolExecutor.java:624)
	at org.apache.tomcat.util.threads.TaskThread$WrappingRunnable.run(TaskThread.java:61)
	at java.lang.Thread.run(Thread.java:748)
[INFO ] [springboot-user] 2020-05-12 20:08:05.873 [restartedMain][] com.ncu.graduation.GraduationProjectApplication - Starting GraduationProjectApplication on DESKTOP-7IS477G with PID 11680 (F:\FinallySchool\graduation\target\classes started by grh in F:\FinallySchool\graduation)
[INFO ] [springboot-user] 2020-05-12 20:08:05.880 [restartedMain][] com.ncu.graduation.GraduationProjectApplication - No active profile set, falling back to default profiles: default
[INFO ] [springboot-user] 2020-05-12 20:08:06.051 [restartedMain][] o.s.boot.devtools.restart.ChangeableUrls - The Class-Path manifest attribute in C:\Users\grh\.m2\repository\org\openoffice\juh\4.1.2\juh-4.1.2.jar referenced one or more files that do not exist: file:/C:/Users/grh/.m2/repository/org/openoffice/juh/4.1.2/ridl.jar,file:/C:/Users/grh/.m2/repository/org/openoffice/juh/4.1.2/jurt.jar,file:/C:/Users/grh/.m2/repository/org/openoffice/lib/,file:/C:/Users/grh/.m2/repository/org/openoffice/juh/bin/
[INFO ] [springboot-user] 2020-05-12 20:08:06.052 [restartedMain][] o.s.boot.devtools.restart.ChangeableUrls - The Class-Path manifest attribute in C:\Users\grh\.m2\repository\org\openoffice\jurt\4.1.2\jurt-4.1.2.jar referenced one or more files that do not exist: file:/C:/Users/grh/.m2/repository/org/openoffice/jurt/4.1.2/ridl.jar,file:/C:/Users/grh/.m2/repository/org/openoffice/jurt/4.1.2/unoloader.jar,file:/C:/Users/grh/.m2/repository/org/openoffice/lib/,file:/C:/Users/grh/.m2/repository/org/openoffice/jurt/bin/
[INFO ] [springboot-user] 2020-05-12 20:08:06.053 [restartedMain][] o.s.b.d.env.DevToolsPropertyDefaultsPostProcessor - Devtools property defaults active! Set 'spring.devtools.add-properties' to 'false' to disable
[INFO ] [springboot-user] 2020-05-12 20:08:06.053 [restartedMain][] o.s.b.d.env.DevToolsPropertyDefaultsPostProcessor - For additional web related logging consider setting the 'logging.level.web' property to 'DEBUG'
[INFO ] [springboot-user] 2020-05-12 20:08:09.427 [restartedMain][] o.s.d.r.config.RepositoryConfigurationDelegate - Multiple Spring Data modules found, entering strict repository configuration mode!
[INFO ] [springboot-user] 2020-05-12 20:08:09.433 [restartedMain][] o.s.d.r.config.RepositoryConfigurationDelegate - Bootstrapping Spring Data Redis repositories in DEFAULT mode.
[INFO ] [springboot-user] 2020-05-12 20:08:09.556 [restartedMain][] o.s.d.r.config.RepositoryConfigurationDelegate - Finished Spring Data repository scanning in 89ms. Found 0 Redis repository interfaces.
[INFO ] [springboot-user] 2020-05-12 20:08:11.238 [restartedMain][] o.s.boot.web.embedded.tomcat.TomcatWebServer - Tomcat initialized with port(s): 8888 (http)
[INFO ] [springboot-user] 2020-05-12 20:08:11.252 [restartedMain][] org.apache.coyote.http11.Http11NioProtocol - Initializing ProtocolHandler ["http-nio-8888"]
[INFO ] [springboot-user] 2020-05-12 20:08:11.253 [restartedMain][] org.apache.catalina.core.StandardService - Starting service [Tomcat]
[INFO ] [springboot-user] 2020-05-12 20:08:11.253 [restartedMain][] org.apache.catalina.core.StandardEngine - Starting Servlet engine: [Apache Tomcat/9.0.31]
[INFO ] [springboot-user] 2020-05-12 20:08:11.403 [restartedMain][] o.a.c.core.ContainerBase.[Tomcat].[localhost].[/] - Initializing Spring embedded WebApplicationContext
[INFO ] [springboot-user] 2020-05-12 20:08:11.404 [restartedMain][] org.springframework.web.context.ContextLoader - Root WebApplicationContext: initialization completed in 5351 ms
[INFO ] [springboot-user] 2020-05-12 20:08:11.678 [restartedMain][] c.a.d.s.b.a.DruidDataSourceAutoConfigure - Init DruidDataSource
[INFO ] [springboot-user] 2020-05-12 20:08:13.273 [restartedMain][] com.alibaba.druid.pool.DruidDataSource - {dataSource-1} inited
[INFO ] [springboot-user] 2020-05-12 20:08:14.632 [restartedMain][] org.jodconverter.local.office.OfficeProcessManager - Submitting task 'Start' and waiting...
[INFO ] [springboot-user] 2020-05-12 20:08:15.027 [jodconverter-officeprocess-0][] org.jodconverter.local.office.OfficeDescriptor - soffice info (from exec path): Product: OpenOffice - Version: ??? - useLongOptionNameGnuStyle: false
[INFO ] [springboot-user] 2020-05-12 20:08:15.028 [jodconverter-officeprocess-0][] org.jodconverter.local.office.OfficeProcess - OFFICE HOME: C:\Program Files (x86)\OpenOffice 4
[INFO ] [springboot-user] 2020-05-12 20:08:15.028 [jodconverter-officeprocess-0][] org.jodconverter.local.office.OfficeProcess - Starting process with --accept 'socket,host=127.0.0.1,port=2002,tcpNoDelay=1;urp;StarOffice.ServiceManager' and profileDir 'C:\Users\grh\AppData\Local\Temp\.jodconverter_socket_host-127.0.0.1_port-2002_tcpNoDelay-1'
[INFO ] [springboot-user] 2020-05-12 20:08:15.546 [jodconverter-officeprocess-0][] org.jodconverter.local.office.OfficeProcess - Started process; pid: 4236
[INFO ] [springboot-user] 2020-05-12 20:08:16.674 [jodconverter-officeprocess-0][] org.jodconverter.local.office.OfficeConnection - Connected: 'socket,host=127.0.0.1,port=2002,tcpNoDelay=1'
[INFO ] [springboot-user] 2020-05-12 20:08:17.101 [restartedMain][] o.s.scheduling.concurrent.ThreadPoolTaskExecutor - Initializing ExecutorService 'applicationTaskExecutor'
[INFO ] [springboot-user] 2020-05-12 20:08:17.216 [restartedMain][] o.s.b.a.web.servlet.WelcomePageHandlerMapping - Adding welcome page template: index
[INFO ] [springboot-user] 2020-05-12 20:08:18.044 [restartedMain][] org.quartz.impl.StdSchedulerFactory - Using default implementation for ThreadExecutor
[INFO ] [springboot-user] 2020-05-12 20:08:18.063 [restartedMain][] org.quartz.core.SchedulerSignalerImpl - Initialized Scheduler Signaller of type: class org.quartz.core.SchedulerSignalerImpl
[INFO ] [springboot-user] 2020-05-12 20:08:18.063 [restartedMain][] org.quartz.core.QuartzScheduler - Quartz Scheduler v.2.3.2 created.
[INFO ] [springboot-user] 2020-05-12 20:08:18.065 [restartedMain][] org.quartz.simpl.RAMJobStore - RAMJobStore initialized.
[INFO ] [springboot-user] 2020-05-12 20:08:18.066 [restartedMain][] org.quartz.core.QuartzScheduler - Scheduler meta-data: Quartz Scheduler (v2.3.2) 'quartzScheduler' with instanceId 'NON_CLUSTERED'
  Scheduler class: 'org.quartz.core.QuartzScheduler' - running locally.
  NOT STARTED.
  Currently in standby mode.
  Number of jobs executed: 0
  Using thread pool 'org.quartz.simpl.SimpleThreadPool' - with 10 threads.
  Using job-store 'org.quartz.simpl.RAMJobStore' - which does not support persistence. and is not clustered.

[INFO ] [springboot-user] 2020-05-12 20:08:18.066 [restartedMain][] org.quartz.impl.StdSchedulerFactory - Quartz scheduler 'quartzScheduler' initialized from an externally provided properties instance.
[INFO ] [springboot-user] 2020-05-12 20:08:18.066 [restartedMain][] org.quartz.impl.StdSchedulerFactory - Quartz scheduler version: 2.3.2
[INFO ] [springboot-user] 2020-05-12 20:08:18.066 [restartedMain][] org.quartz.core.QuartzScheduler - JobFactory set to: org.springframework.scheduling.quartz.SpringBeanJobFactory@15b1a390
[INFO ] [springboot-user] 2020-05-12 20:08:18.083 [restartedMain][] o.s.scheduling.concurrent.ThreadPoolTaskScheduler - Initializing ExecutorService 'taskScheduler'
[INFO ] [springboot-user] 2020-05-12 20:08:18.218 [restartedMain][] o.s.b.d.autoconfigure.OptionalLiveReloadServer - LiveReload server is running on port 35729
[INFO ] [springboot-user] 2020-05-12 20:08:18.252 [restartedMain][] o.s.scheduling.quartz.SchedulerFactoryBean - Starting Quartz Scheduler now
[INFO ] [springboot-user] 2020-05-12 20:08:18.253 [restartedMain][] org.quartz.core.QuartzScheduler - Scheduler quartzScheduler_$_NON_CLUSTERED started.
[INFO ] [springboot-user] 2020-05-12 20:08:18.275 [restartedMain][] org.apache.coyote.http11.Http11NioProtocol - Starting ProtocolHandler ["http-nio-8888"]
[INFO ] [springboot-user] 2020-05-12 20:08:18.320 [restartedMain][] o.s.boot.web.embedded.tomcat.TomcatWebServer - Tomcat started on port(s): 8888 (http) with context path ''
[INFO ] [springboot-user] 2020-05-12 20:08:18.327 [restartedMain][] com.ncu.graduation.GraduationProjectApplication - Started GraduationProjectApplication in 15.551 seconds (JVM running for 20.212)
[INFO ] [springboot-user] 2020-05-12 20:10:44.417 [http-nio-8888-exec-2][] o.a.c.core.ContainerBase.[Tomcat].[localhost].[/] - Initializing Spring DispatcherServlet 'dispatcherServlet'
[INFO ] [springboot-user] 2020-05-12 20:10:44.418 [http-nio-8888-exec-2][] org.springframework.web.servlet.DispatcherServlet - Initializing Servlet 'dispatcherServlet'
[INFO ] [springboot-user] 2020-05-12 20:10:44.443 [http-nio-8888-exec-2][] org.springframework.web.servlet.DispatcherServlet - Completed initialization in 25 ms
[ERROR] [springboot-user] 2020-05-12 20:11:45.749 [http-nio-8888-exec-7][] o.a.c.c.C.[.[localhost].[/].[dispatcherServlet] - Servlet.service() for servlet [dispatcherServlet] in context with path [] threw exception [Request processing failed; nested exception is java.time.format.DateTimeParseException: Text '2020-04-26 22:59:59' could not be parsed: Invalid value for ClockHourOfAmPm (valid values 1 - 12): 22] with root cause
java.time.DateTimeException: Invalid value for ClockHourOfAmPm (valid values 1 - 12): 22
	at java.time.temporal.ValueRange.checkValidValue(ValueRange.java:311)
	at java.time.temporal.ChronoField.checkValidValue(ChronoField.java:703)
	at java.time.format.Parsed.resolveTimeFields(Parsed.java:382)
	at java.time.format.Parsed.resolveFields(Parsed.java:258)
	at java.time.format.Parsed.resolve(Parsed.java:244)
	at java.time.format.DateTimeParseContext.toResolved(DateTimeParseContext.java:331)
	at java.time.format.DateTimeFormatter.parseResolved0(DateTimeFormatter.java:1955)
	at java.time.format.DateTimeFormatter.parse(DateTimeFormatter.java:1851)
	at java.time.LocalDateTime.parse(LocalDateTime.java:492)
	at com.ncu.graduation.aop.OverTimeInterceptor.projectInterceptor(OverTimeInterceptor.java:56)
	at sun.reflect.NativeMethodAccessorImpl.invoke0(Native Method)
	at sun.reflect.NativeMethodAccessorImpl.invoke(NativeMethodAccessorImpl.java:62)
	at sun.reflect.DelegatingMethodAccessorImpl.invoke(DelegatingMethodAccessorImpl.java:43)
	at java.lang.reflect.Method.invoke(Method.java:498)
	at org.springframework.aop.aspectj.AbstractAspectJAdvice.invokeAdviceMethodWithGivenArgs(AbstractAspectJAdvice.java:644)
	at org.springframework.aop.aspectj.AbstractAspectJAdvice.invokeAdviceMethod(AbstractAspectJAdvice.java:633)
	at org.springframework.aop.aspectj.AspectJAroundAdvice.invoke(AspectJAroundAdvice.java:70)
	at org.springframework.aop.framework.ReflectiveMethodInvocation.proceed(ReflectiveMethodInvocation.java:186)
	at org.springframework.aop.framework.CglibAopProxy$CglibMethodInvocation.proceed(CglibAopProxy.java:747)
	at org.springframework.aop.interceptor.ExposeInvocationInterceptor.invoke(ExposeInvocationInterceptor.java:95)
	at org.springframework.aop.framework.ReflectiveMethodInvocation.proceed(ReflectiveMethodInvocation.java:186)
	at org.springframework.aop.framework.CglibAopProxy$CglibMethodInvocation.proceed(CglibAopProxy.java:747)
	at org.springframework.aop.framework.CglibAopProxy$DynamicAdvisedInterceptor.intercept(CglibAopProxy.java:689)
	at com.ncu.graduation.controller.ProjectController$$EnhancerBySpringCGLIB$$8f2a85d8.applyProject(<generated>)
	at sun.reflect.NativeMethodAccessorImpl.invoke0(Native Method)
	at sun.reflect.NativeMethodAccessorImpl.invoke(NativeMethodAccessorImpl.java:62)
	at sun.reflect.DelegatingMethodAccessorImpl.invoke(DelegatingMethodAccessorImpl.java:43)
	at java.lang.reflect.Method.invoke(Method.java:498)
	at org.springframework.web.method.support.InvocableHandlerMethod.doInvoke(InvocableHandlerMethod.java:190)
	at org.springframework.web.method.support.InvocableHandlerMethod.invokeForRequest(InvocableHandlerMethod.java:138)
	at org.springframework.web.servlet.mvc.method.annotation.ServletInvocableHandlerMethod.invokeAndHandle(ServletInvocableHandlerMethod.java:106)
	at org.springframework.web.servlet.mvc.method.annotation.RequestMappingHandlerAdapter.invokeHandlerMethod(RequestMappingHandlerAdapter.java:879)
	at org.springframework.web.servlet.mvc.method.annotation.RequestMappingHandlerAdapter.handleInternal(RequestMappingHandlerAdapter.java:793)
	at org.springframework.web.servlet.mvc.method.AbstractHandlerMethodAdapter.handle(AbstractHandlerMethodAdapter.java:87)
	at org.springframework.web.servlet.DispatcherServlet.doDispatch(DispatcherServlet.java:1040)
	at org.springframework.web.servlet.DispatcherServlet.doService(DispatcherServlet.java:943)
	at org.springframework.web.servlet.FrameworkServlet.processRequest(FrameworkServlet.java:1006)
	at org.springframework.web.servlet.FrameworkServlet.doPost(FrameworkServlet.java:909)
	at javax.servlet.http.HttpServlet.service(HttpServlet.java:660)
	at org.springframework.web.servlet.FrameworkServlet.service(FrameworkServlet.java:883)
	at javax.servlet.http.HttpServlet.service(HttpServlet.java:741)
	at org.apache.catalina.core.ApplicationFilterChain.internalDoFilter(ApplicationFilterChain.java:231)
	at org.apache.catalina.core.ApplicationFilterChain.doFilter(ApplicationFilterChain.java:166)
	at org.apache.tomcat.websocket.server.WsFilter.doFilter(WsFilter.java:53)
	at org.apache.catalina.core.ApplicationFilterChain.internalDoFilter(ApplicationFilterChain.java:193)
	at org.apache.catalina.core.ApplicationFilterChain.doFilter(ApplicationFilterChain.java:166)
	at org.springframework.web.filter.RequestContextFilter.doFilterInternal(RequestContextFilter.java:100)
	at org.springframework.web.filter.OncePerRequestFilter.doFilter(OncePerRequestFilter.java:119)
	at org.apache.catalina.core.ApplicationFilterChain.internalDoFilter(ApplicationFilterChain.java:193)
	at org.apache.catalina.core.ApplicationFilterChain.doFilter(ApplicationFilterChain.java:166)
	at org.springframework.web.filter.FormContentFilter.doFilterInternal(FormContentFilter.java:93)
	at org.springframework.web.filter.OncePerRequestFilter.doFilter(OncePerRequestFilter.java:119)
	at org.apache.catalina.core.ApplicationFilterChain.internalDoFilter(ApplicationFilterChain.java:193)
	at org.apache.catalina.core.ApplicationFilterChain.doFilter(ApplicationFilterChain.java:166)
	at org.springframework.web.filter.CharacterEncodingFilter.doFilterInternal(CharacterEncodingFilter.java:201)
	at org.springframework.web.filter.OncePerRequestFilter.doFilter(OncePerRequestFilter.java:119)
	at org.apache.catalina.core.ApplicationFilterChain.internalDoFilter(ApplicationFilterChain.java:193)
	at org.apache.catalina.core.ApplicationFilterChain.doFilter(ApplicationFilterChain.java:166)
	at org.apache.catalina.core.StandardWrapperValve.invoke(StandardWrapperValve.java:202)
	at org.apache.catalina.core.StandardContextValve.invoke(StandardContextValve.java:96)
	at org.apache.catalina.authenticator.AuthenticatorBase.invoke(AuthenticatorBase.java:541)
	at org.apache.catalina.core.StandardHostValve.invoke(StandardHostValve.java:139)
	at org.apache.catalina.valves.ErrorReportValve.invoke(ErrorReportValve.java:92)
	at org.apache.catalina.core.StandardEngineValve.invoke(StandardEngineValve.java:74)
	at org.apache.catalina.connector.CoyoteAdapter.service(CoyoteAdapter.java:343)
	at org.apache.coyote.http11.Http11Processor.service(Http11Processor.java:367)
	at org.apache.coyote.AbstractProcessorLight.process(AbstractProcessorLight.java:65)
	at org.apache.coyote.AbstractProtocol$ConnectionHandler.process(AbstractProtocol.java:868)
	at org.apache.tomcat.util.net.NioEndpoint$SocketProcessor.doRun(NioEndpoint.java:1639)
	at org.apache.tomcat.util.net.SocketProcessorBase.run(SocketProcessorBase.java:49)
	at java.util.concurrent.ThreadPoolExecutor.runWorker(ThreadPoolExecutor.java:1149)
	at java.util.concurrent.ThreadPoolExecutor$Worker.run(ThreadPoolExecutor.java:624)
	at org.apache.tomcat.util.threads.TaskThread$WrappingRunnable.run(TaskThread.java:61)
	at java.lang.Thread.run(Thread.java:748)
[ERROR] [springboot-user] 2020-05-12 20:17:29.697 [http-nio-8888-exec-9][] o.a.c.c.C.[.[localhost].[/].[dispatcherServlet] - Servlet.service() for servlet [dispatcherServlet] in context with path [] threw exception [Request processing failed; nested exception is java.time.format.DateTimeParseException: Text '2020-04-26 22:59:59' could not be parsed: Invalid value for ClockHourOfAmPm (valid values 1 - 12): 22] with root cause
java.time.DateTimeException: Invalid value for ClockHourOfAmPm (valid values 1 - 12): 22
	at java.time.temporal.ValueRange.checkValidValue(ValueRange.java:311)
	at java.time.temporal.ChronoField.checkValidValue(ChronoField.java:703)
	at java.time.format.Parsed.resolveTimeFields(Parsed.java:382)
	at java.time.format.Parsed.resolveFields(Parsed.java:258)
	at java.time.format.Parsed.resolve(Parsed.java:244)
	at java.time.format.DateTimeParseContext.toResolved(DateTimeParseContext.java:331)
	at java.time.format.DateTimeFormatter.parseResolved0(DateTimeFormatter.java:1955)
	at java.time.format.DateTimeFormatter.parse(DateTimeFormatter.java:1851)
	at java.time.LocalDateTime.parse(LocalDateTime.java:492)
	at com.ncu.graduation.aop.OverTimeInterceptor.projectInterceptor(OverTimeInterceptor.java:56)
	at sun.reflect.NativeMethodAccessorImpl.invoke0(Native Method)
	at sun.reflect.NativeMethodAccessorImpl.invoke(NativeMethodAccessorImpl.java:62)
	at sun.reflect.DelegatingMethodAccessorImpl.invoke(DelegatingMethodAccessorImpl.java:43)
	at java.lang.reflect.Method.invoke(Method.java:498)
	at org.springframework.aop.aspectj.AbstractAspectJAdvice.invokeAdviceMethodWithGivenArgs(AbstractAspectJAdvice.java:644)
	at org.springframework.aop.aspectj.AbstractAspectJAdvice.invokeAdviceMethod(AbstractAspectJAdvice.java:633)
	at org.springframework.aop.aspectj.AspectJAroundAdvice.invoke(AspectJAroundAdvice.java:70)
	at org.springframework.aop.framework.ReflectiveMethodInvocation.proceed(ReflectiveMethodInvocation.java:186)
	at org.springframework.aop.framework.CglibAopProxy$CglibMethodInvocation.proceed(CglibAopProxy.java:747)
	at org.springframework.aop.interceptor.ExposeInvocationInterceptor.invoke(ExposeInvocationInterceptor.java:95)
	at org.springframework.aop.framework.ReflectiveMethodInvocation.proceed(ReflectiveMethodInvocation.java:186)
	at org.springframework.aop.framework.CglibAopProxy$CglibMethodInvocation.proceed(CglibAopProxy.java:747)
	at org.springframework.aop.framework.CglibAopProxy$DynamicAdvisedInterceptor.intercept(CglibAopProxy.java:689)
	at com.ncu.graduation.controller.ProjectController$$EnhancerBySpringCGLIB$$8f2a85d8.applyProject(<generated>)
	at sun.reflect.NativeMethodAccessorImpl.invoke0(Native Method)
	at sun.reflect.NativeMethodAccessorImpl.invoke(NativeMethodAccessorImpl.java:62)
	at sun.reflect.DelegatingMethodAccessorImpl.invoke(DelegatingMethodAccessorImpl.java:43)
	at java.lang.reflect.Method.invoke(Method.java:498)
	at org.springframework.web.method.support.InvocableHandlerMethod.doInvoke(InvocableHandlerMethod.java:190)
	at org.springframework.web.method.support.InvocableHandlerMethod.invokeForRequest(InvocableHandlerMethod.java:138)
	at org.springframework.web.servlet.mvc.method.annotation.ServletInvocableHandlerMethod.invokeAndHandle(ServletInvocableHandlerMethod.java:106)
	at org.springframework.web.servlet.mvc.method.annotation.RequestMappingHandlerAdapter.invokeHandlerMethod(RequestMappingHandlerAdapter.java:879)
	at org.springframework.web.servlet.mvc.method.annotation.RequestMappingHandlerAdapter.handleInternal(RequestMappingHandlerAdapter.java:793)
	at org.springframework.web.servlet.mvc.method.AbstractHandlerMethodAdapter.handle(AbstractHandlerMethodAdapter.java:87)
	at org.springframework.web.servlet.DispatcherServlet.doDispatch(DispatcherServlet.java:1040)
	at org.springframework.web.servlet.DispatcherServlet.doService(DispatcherServlet.java:943)
	at org.springframework.web.servlet.FrameworkServlet.processRequest(FrameworkServlet.java:1006)
	at org.springframework.web.servlet.FrameworkServlet.doPost(FrameworkServlet.java:909)
	at javax.servlet.http.HttpServlet.service(HttpServlet.java:660)
	at org.springframework.web.servlet.FrameworkServlet.service(FrameworkServlet.java:883)
	at javax.servlet.http.HttpServlet.service(HttpServlet.java:741)
	at org.apache.catalina.core.ApplicationFilterChain.internalDoFilter(ApplicationFilterChain.java:231)
	at org.apache.catalina.core.ApplicationFilterChain.doFilter(ApplicationFilterChain.java:166)
	at org.apache.tomcat.websocket.server.WsFilter.doFilter(WsFilter.java:53)
	at org.apache.catalina.core.ApplicationFilterChain.internalDoFilter(ApplicationFilterChain.java:193)
	at org.apache.catalina.core.ApplicationFilterChain.doFilter(ApplicationFilterChain.java:166)
	at org.springframework.web.filter.RequestContextFilter.doFilterInternal(RequestContextFilter.java:100)
	at org.springframework.web.filter.OncePerRequestFilter.doFilter(OncePerRequestFilter.java:119)
	at org.apache.catalina.core.ApplicationFilterChain.internalDoFilter(ApplicationFilterChain.java:193)
	at org.apache.catalina.core.ApplicationFilterChain.doFilter(ApplicationFilterChain.java:166)
	at org.springframework.web.filter.FormContentFilter.doFilterInternal(FormContentFilter.java:93)
	at org.springframework.web.filter.OncePerRequestFilter.doFilter(OncePerRequestFilter.java:119)
	at org.apache.catalina.core.ApplicationFilterChain.internalDoFilter(ApplicationFilterChain.java:193)
	at org.apache.catalina.core.ApplicationFilterChain.doFilter(ApplicationFilterChain.java:166)
	at org.springframework.web.filter.CharacterEncodingFilter.doFilterInternal(CharacterEncodingFilter.java:201)
	at org.springframework.web.filter.OncePerRequestFilter.doFilter(OncePerRequestFilter.java:119)
	at org.apache.catalina.core.ApplicationFilterChain.internalDoFilter(ApplicationFilterChain.java:193)
	at org.apache.catalina.core.ApplicationFilterChain.doFilter(ApplicationFilterChain.java:166)
	at org.apache.catalina.core.StandardWrapperValve.invoke(StandardWrapperValve.java:202)
	at org.apache.catalina.core.StandardContextValve.invoke(StandardContextValve.java:96)
	at org.apache.catalina.authenticator.AuthenticatorBase.invoke(AuthenticatorBase.java:541)
	at org.apache.catalina.core.StandardHostValve.invoke(StandardHostValve.java:139)
	at org.apache.catalina.valves.ErrorReportValve.invoke(ErrorReportValve.java:92)
	at org.apache.catalina.core.StandardEngineValve.invoke(StandardEngineValve.java:74)
	at org.apache.catalina.connector.CoyoteAdapter.service(CoyoteAdapter.java:343)
	at org.apache.coyote.http11.Http11Processor.service(Http11Processor.java:367)
	at org.apache.coyote.AbstractProcessorLight.process(AbstractProcessorLight.java:65)
	at org.apache.coyote.AbstractProtocol$ConnectionHandler.process(AbstractProtocol.java:868)
	at org.apache.tomcat.util.net.NioEndpoint$SocketProcessor.doRun(NioEndpoint.java:1639)
	at org.apache.tomcat.util.net.SocketProcessorBase.run(SocketProcessorBase.java:49)
	at java.util.concurrent.ThreadPoolExecutor.runWorker(ThreadPoolExecutor.java:1149)
	at java.util.concurrent.ThreadPoolExecutor$Worker.run(ThreadPoolExecutor.java:624)
	at org.apache.tomcat.util.threads.TaskThread$WrappingRunnable.run(TaskThread.java:61)
	at java.lang.Thread.run(Thread.java:748)
[INFO ] [springboot-user] 2020-05-12 20:17:29.823 [SpringContextShutdownHook][] org.quartz.core.QuartzScheduler - Scheduler quartzScheduler_$_NON_CLUSTERED paused.
[INFO ] [springboot-user] 2020-05-12 20:18:06.230 [restartedMain][] com.ncu.graduation.GraduationProjectApplication - Starting GraduationProjectApplication on DESKTOP-7IS477G with PID 15344 (F:\FinallySchool\graduation\target\classes started by grh in F:\FinallySchool\graduation)
[INFO ] [springboot-user] 2020-05-12 20:18:06.239 [restartedMain][] com.ncu.graduation.GraduationProjectApplication - No active profile set, falling back to default profiles: default
[INFO ] [springboot-user] 2020-05-12 20:18:06.581 [restartedMain][] o.s.boot.devtools.restart.ChangeableUrls - The Class-Path manifest attribute in C:\Users\grh\.m2\repository\org\openoffice\juh\4.1.2\juh-4.1.2.jar referenced one or more files that do not exist: file:/C:/Users/grh/.m2/repository/org/openoffice/juh/4.1.2/ridl.jar,file:/C:/Users/grh/.m2/repository/org/openoffice/juh/4.1.2/jurt.jar,file:/C:/Users/grh/.m2/repository/org/openoffice/lib/,file:/C:/Users/grh/.m2/repository/org/openoffice/juh/bin/
[INFO ] [springboot-user] 2020-05-12 20:18:06.581 [restartedMain][] o.s.boot.devtools.restart.ChangeableUrls - The Class-Path manifest attribute in C:\Users\grh\.m2\repository\org\openoffice\jurt\4.1.2\jurt-4.1.2.jar referenced one or more files that do not exist: file:/C:/Users/grh/.m2/repository/org/openoffice/jurt/4.1.2/ridl.jar,file:/C:/Users/grh/.m2/repository/org/openoffice/jurt/4.1.2/unoloader.jar,file:/C:/Users/grh/.m2/repository/org/openoffice/lib/,file:/C:/Users/grh/.m2/repository/org/openoffice/jurt/bin/
[INFO ] [springboot-user] 2020-05-12 20:18:06.581 [restartedMain][] o.s.b.d.env.DevToolsPropertyDefaultsPostProcessor - Devtools property defaults active! Set 'spring.devtools.add-properties' to 'false' to disable
[INFO ] [springboot-user] 2020-05-12 20:18:06.582 [restartedMain][] o.s.b.d.env.DevToolsPropertyDefaultsPostProcessor - For additional web related logging consider setting the 'logging.level.web' property to 'DEBUG'
[INFO ] [springboot-user] 2020-05-12 20:18:12.612 [restartedMain][] o.s.d.r.config.RepositoryConfigurationDelegate - Multiple Spring Data modules found, entering strict repository configuration mode!
[INFO ] [springboot-user] 2020-05-12 20:18:12.617 [restartedMain][] o.s.d.r.config.RepositoryConfigurationDelegate - Bootstrapping Spring Data Redis repositories in DEFAULT mode.
[INFO ] [springboot-user] 2020-05-12 20:18:12.807 [restartedMain][] o.s.d.r.config.RepositoryConfigurationDelegate - Finished Spring Data repository scanning in 135ms. Found 0 Redis repository interfaces.
[INFO ] [springboot-user] 2020-05-12 20:18:15.832 [restartedMain][] o.s.boot.web.embedded.tomcat.TomcatWebServer - Tomcat initialized with port(s): 8888 (http)
[INFO ] [springboot-user] 2020-05-12 20:18:15.858 [restartedMain][] org.apache.coyote.http11.Http11NioProtocol - Initializing ProtocolHandler ["http-nio-8888"]
[INFO ] [springboot-user] 2020-05-12 20:18:15.860 [restartedMain][] org.apache.catalina.core.StandardService - Starting service [Tomcat]
[INFO ] [springboot-user] 2020-05-12 20:18:15.860 [restartedMain][] org.apache.catalina.core.StandardEngine - Starting Servlet engine: [Apache Tomcat/9.0.31]
[INFO ] [springboot-user] 2020-05-12 20:18:16.171 [restartedMain][] o.a.c.core.ContainerBase.[Tomcat].[localhost].[/] - Initializing Spring embedded WebApplicationContext
[INFO ] [springboot-user] 2020-05-12 20:18:16.171 [restartedMain][] org.springframework.web.context.ContextLoader - Root WebApplicationContext: initialization completed in 9589 ms
[INFO ] [springboot-user] 2020-05-12 20:18:16.682 [restartedMain][] c.a.d.s.b.a.DruidDataSourceAutoConfigure - Init DruidDataSource
[INFO ] [springboot-user] 2020-05-12 20:18:20.107 [restartedMain][] com.alibaba.druid.pool.DruidDataSource - {dataSource-1} inited
[INFO ] [springboot-user] 2020-05-12 20:18:23.063 [restartedMain][] org.jodconverter.local.office.OfficeProcessManager - Submitting task 'Start' and waiting...
[INFO ] [springboot-user] 2020-05-12 20:18:23.592 [jodconverter-officeprocess-0][] org.jodconverter.local.office.OfficeDescriptor - soffice info (from exec path): Product: OpenOffice - Version: ??? - useLongOptionNameGnuStyle: false
[INFO ] [springboot-user] 2020-05-12 20:18:23.593 [jodconverter-officeprocess-0][] org.jodconverter.local.office.OfficeProcess - OFFICE HOME: C:\Program Files (x86)\OpenOffice 4
[INFO ] [springboot-user] 2020-05-12 20:18:23.593 [jodconverter-officeprocess-0][] org.jodconverter.local.office.OfficeProcess - Starting process with --accept 'socket,host=127.0.0.1,port=2002,tcpNoDelay=1;urp;StarOffice.ServiceManager' and profileDir 'C:\Users\grh\AppData\Local\Temp\.jodconverter_socket_host-127.0.0.1_port-2002_tcpNoDelay-1'
[INFO ] [springboot-user] 2020-05-12 20:18:25.915 [jodconverter-officeprocess-0][] org.jodconverter.local.office.OfficeProcess - Started process; pid: 3944
[INFO ] [springboot-user] 2020-05-12 20:18:27.884 [jodconverter-officeprocess-0][] org.jodconverter.local.office.OfficeConnection - Connected: 'socket,host=127.0.0.1,port=2002,tcpNoDelay=1'
[INFO ] [springboot-user] 2020-05-12 20:18:29.279 [restartedMain][] o.s.scheduling.concurrent.ThreadPoolTaskExecutor - Initializing ExecutorService 'applicationTaskExecutor'
[INFO ] [springboot-user] 2020-05-12 20:18:29.759 [restartedMain][] o.s.b.a.web.servlet.WelcomePageHandlerMapping - Adding welcome page template: index
[INFO ] [springboot-user] 2020-05-12 20:18:31.571 [restartedMain][] org.quartz.impl.StdSchedulerFactory - Using default implementation for ThreadExecutor
[INFO ] [springboot-user] 2020-05-12 20:18:31.600 [restartedMain][] org.quartz.core.SchedulerSignalerImpl - Initialized Scheduler Signaller of type: class org.quartz.core.SchedulerSignalerImpl
[INFO ] [springboot-user] 2020-05-12 20:18:31.601 [restartedMain][] org.quartz.core.QuartzScheduler - Quartz Scheduler v.2.3.2 created.
[INFO ] [springboot-user] 2020-05-12 20:18:31.604 [restartedMain][] org.quartz.simpl.RAMJobStore - RAMJobStore initialized.
[INFO ] [springboot-user] 2020-05-12 20:18:31.606 [restartedMain][] org.quartz.core.QuartzScheduler - Scheduler meta-data: Quartz Scheduler (v2.3.2) 'quartzScheduler' with instanceId 'NON_CLUSTERED'
  Scheduler class: 'org.quartz.core.QuartzScheduler' - running locally.
  NOT STARTED.
  Currently in standby mode.
  Number of jobs executed: 0
  Using thread pool 'org.quartz.simpl.SimpleThreadPool' - with 10 threads.
  Using job-store 'org.quartz.simpl.RAMJobStore' - which does not support persistence. and is not clustered.

[INFO ] [springboot-user] 2020-05-12 20:18:31.607 [restartedMain][] org.quartz.impl.StdSchedulerFactory - Quartz scheduler 'quartzScheduler' initialized from an externally provided properties instance.
[INFO ] [springboot-user] 2020-05-12 20:18:31.609 [restartedMain][] org.quartz.impl.StdSchedulerFactory - Quartz scheduler version: 2.3.2
[INFO ] [springboot-user] 2020-05-12 20:18:31.611 [restartedMain][] org.quartz.core.QuartzScheduler - JobFactory set to: org.springframework.scheduling.quartz.SpringBeanJobFactory@4970df1c
[INFO ] [springboot-user] 2020-05-12 20:18:31.642 [restartedMain][] o.s.scheduling.concurrent.ThreadPoolTaskScheduler - Initializing ExecutorService 'taskScheduler'
[INFO ] [springboot-user] 2020-05-12 20:18:31.974 [restartedMain][] o.s.b.d.autoconfigure.OptionalLiveReloadServer - LiveReload server is running on port 35729
[INFO ] [springboot-user] 2020-05-12 20:18:32.083 [restartedMain][] o.s.scheduling.quartz.SchedulerFactoryBean - Starting Quartz Scheduler now
[INFO ] [springboot-user] 2020-05-12 20:18:32.086 [restartedMain][] org.quartz.core.QuartzScheduler - Scheduler quartzScheduler_$_NON_CLUSTERED started.
[INFO ] [springboot-user] 2020-05-12 20:18:32.146 [restartedMain][] org.apache.coyote.http11.Http11NioProtocol - Starting ProtocolHandler ["http-nio-8888"]
[INFO ] [springboot-user] 2020-05-12 20:18:32.312 [restartedMain][] o.s.boot.web.embedded.tomcat.TomcatWebServer - Tomcat started on port(s): 8888 (http) with context path ''
[INFO ] [springboot-user] 2020-05-12 20:18:32.332 [restartedMain][] com.ncu.graduation.GraduationProjectApplication - Started GraduationProjectApplication in 29.772 seconds (JVM running for 37.024)
[INFO ] [springboot-user] 2020-05-12 20:18:32.796 [http-nio-8888-exec-1][] o.a.c.core.ContainerBase.[Tomcat].[localhost].[/] - Initializing Spring DispatcherServlet 'dispatcherServlet'
[INFO ] [springboot-user] 2020-05-12 20:18:32.796 [http-nio-8888-exec-1][] org.springframework.web.servlet.DispatcherServlet - Initializing Servlet 'dispatcherServlet'
[INFO ] [springboot-user] 2020-05-12 20:18:33.010 [http-nio-8888-exec-1][] org.springframework.web.servlet.DispatcherServlet - Completed initialization in 213 ms
